# JRE version: OpenJDK Runtime Environment Temurin-21.0.9+10 (21.0.9+10) (build 21.0.9+10-LTS)
# Java VM: OpenJDK 64-Bit Server VM Temurin-21.0.9+10 (21.0.9+10-LTS, mixed mode, tiered, compressed oops, compressed class ptrs, g1 gc, linux-amd64)
GC Precious Log:
 CardTable entry size: 512
 Card Set container configuration: InlinePtr #cards 4 size 8 Array Of Cards #cards 32 size 80 Howl #buckets 8 coarsen threshold 7372 Howl Bitmap #cards 1024 size 144 coarsen threshold 921 Card regions per heap region 1 cards per card region 8192
 CPUs: 4 total, 4 available
 Memory: 15989M
 Large Page Support: Disabled
 NUMA Support: Disabled
 Compressed Oops: Enabled (Zero based)
 Heap Region Size: 4M
 Heap Min Capacity: 8M
 Heap Initial Capacity: 252M
 Heap Max Capacity: 6088M
 Pre-touch: Disabled
 Parallel Workers: 4
 Concurrent Workers: 1
 Concurrent Refinement Workers: 4
 Periodic GC: Disabled
Heap:
 garbage-first heap   total 1064960K, used 393069K [0x0000000683800000, 0x0000000800000000)
  region size 4096K, 17 young (69632K), 2 survivors (8192K)
 Metaspace       used 41030K, committed 41600K, reserved 1114112K
  class space    used 4553K, committed 4800K, reserved 1048576K
GC Heap History (20 events):
Event: 2.630 GC heap before
{Heap before GC invocations=16 (full 0):
 garbage-first heap   total 225280K, used 164428K [0x0000000683800000, 0x0000000800000000)
  region size 4096K, 23 young (94208K), 3 survivors (12288K)
 Metaspace       used 36067K, committed 36544K, reserved 1114112K
  class space    used 3994K, committed 4224K, reserved 1048576K
}
Event: 2.649 GC heap after
{Heap after GC invocations=17 (full 0):
 garbage-first heap   total 225280K, used 99220K [0x0000000683800000, 0x0000000800000000)
  region size 4096K, 3 young (12288K), 3 survivors (12288K)
 Metaspace       used 36067K, committed 36544K, reserved 1114112K
  class space    used 3994K, committed 4224K, reserved 1048576K
}
Event: 2.743 GC heap before
{Heap before GC invocations=17 (full 0):
 garbage-first heap   total 225280K, used 168852K [0x0000000683800000, 0x0000000800000000)
  region size 4096K, 20 young (81920K), 3 survivors (12288K)
 Metaspace       used 36151K, committed 36608K, reserved 1114112K
  class space    used 3994K, committed 4224K, reserved 1048576K
}
Event: 2.758 GC heap after
{Heap after GC invocations=18 (full 0):
 garbage-first heap   total 675840K, used 113283K [0x0000000683800000, 0x0000000800000000)
  region size 4096K, 3 young (12288K), 3 survivors (12288K)
 Metaspace       used 36151K, committed 36608K, reserved 1114112K
  class space    used 3994K, committed 4224K, reserved 1048576K
}
Event: 3.647 GC heap before
{Heap before GC invocations=18 (full 0):
 garbage-first heap   total 675840K, used 490115K [0x0000000683800000, 0x0000000800000000)
  region size 4096K, 95 young (389120K), 3 survivors (12288K)
 Metaspace       used 39073K, committed 39552K, reserved 1114112K
  class space    used 4399K, committed 4608K, reserved 1048576K
}
Event: 3.688 GC heap after
{Heap after GC invocations=19 (full 0):
 garbage-first heap   total 675840K, used 160129K [0x0000000683800000, 0x0000000800000000)
  region size 4096K, 12 young (49152K), 12 survivors (49152K)
 Metaspace       used 39073K, committed 39552K, reserved 1114112K
  class space    used 4399K, committed 4608K, reserved 1048576K
}
Event: 4.661 GC heap before
{Heap before GC invocations=19 (full 0):
 garbage-first heap   total 675840K, used 491905K [0x0000000683800000, 0x0000000800000000)
  region size 4096K, 94 young (385024K), 12 survivors (49152K)
 Metaspace       used 39926K, committed 40512K, reserved 1114112K
  class space    used 4428K, committed 4672K, reserved 1048576K
}
Event: 4.684 GC heap after
{Heap after GC invocations=20 (full 0):
 garbage-first heap   total 675840K, used 179809K [0x0000000683800000, 0x0000000800000000)
  region size 4096K, 5 young (20480K), 5 survivors (20480K)
 Metaspace       used 39926K, committed 40512K, reserved 1114112K
  class space    used 4428K, committed 4672K, reserved 1048576K
}
Event: 5.578 GC heap before
{Heap before GC invocations=20 (full 0):
 garbage-first heap   total 675840K, used 536161K [0x0000000683800000, 0x0000000800000000)
  region size 4096K, 92 young (376832K), 5 survivors (20480K)
 Metaspace       used 39942K, committed 40512K, reserved 1114112K
  class space    used 4428K, committed 4672K, reserved 1048576K
}
Event: 5.581 GC heap after
{Heap after GC invocations=21 (full 0):
 garbage-first heap   total 675840K, used 177767K [0x0000000683800000, 0x0000000800000000)
  region size 4096K, 4 young (16384K), 4 survivors (16384K)
 Metaspace       used 39942K, committed 40512K, reserved 1114112K
  class space    used 4428K, committed 4672K, reserved 1048576K
}
Event: 6.519 GC heap before
{Heap before GC invocations=21 (full 0):
 garbage-first heap   total 675840K, used 562791K [0x0000000683800000, 0x0000000800000000)
  region size 4096K, 99 young (405504K), 4 survivors (16384K)
 Metaspace       used 39947K, committed 40512K, reserved 1114112K
  class space    used 4428K, committed 4672K, reserved 1048576K
}
Event: 6.521 GC heap after
{Heap after GC invocations=22 (full 0):
 garbage-first heap   total 675840K, used 176822K [0x0000000683800000, 0x0000000800000000)
  region size 4096K, 4 young (16384K), 4 survivors (16384K)
 Metaspace       used 39947K, committed 40512K, reserved 1114112K
  class space    used 4428K, committed 4672K, reserved 1048576K
}
Event: 7.472 GC heap before
{Heap before GC invocations=22 (full 0):
 garbage-first heap   total 675840K, used 561846K [0x0000000683800000, 0x0000000800000000)
  region size 4096K, 99 young (405504K), 4 survivors (16384K)
 Metaspace       used 39948K, committed 40512K, reserved 1114112K
  class space    used 4428K, committed 4672K, reserved 1048576K
}
Event: 7.474 GC heap after
{Heap after GC invocations=23 (full 0):
 garbage-first heap   total 675840K, used 177139K [0x0000000683800000, 0x0000000800000000)
  region size 4096K, 4 young (16384K), 4 survivors (16384K)
 Metaspace       used 39948K, committed 40512K, reserved 1114112K
  class space    used 4428K, committed 4672K, reserved 1048576K
}
Event: 8.323 GC heap before
{Heap before GC invocations=23 (full 0):
 garbage-first heap   total 675840K, used 562163K [0x0000000683800000, 0x0000000800000000)
  region size 4096K, 99 young (405504K), 4 survivors (16384K)
 Metaspace       used 40325K, committed 40832K, reserved 1114112K
  class space    used 4445K, committed 4672K, reserved 1048576K
}
Event: 8.337 GC heap after
{Heap after GC invocations=24 (full 0):
 garbage-first heap   total 675840K, used 180705K [0x0000000683800000, 0x0000000800000000)
  region size 4096K, 5 young (20480K), 5 survivors (20480K)
 Metaspace       used 40325K, committed 40832K, reserved 1114112K
  class space    used 4445K, committed 4672K, reserved 1048576K
}
Event: 8.991 GC heap before
{Heap before GC invocations=24 (full 0):
 garbage-first heap   total 675840K, used 610785K [0x0000000683800000, 0x0000000800000000)
  region size 4096K, 99 young (405504K), 5 survivors (20480K)
 Metaspace       used 40820K, committed 41408K, reserved 1114112K
  class space    used 4517K, committed 4800K, reserved 1048576K
}
Event: 9.016 GC heap after
{Heap after GC invocations=25 (full 0):
 garbage-first heap   total 675840K, used 233625K [0x0000000683800000, 0x0000000800000000)
  region size 4096K, 12 young (49152K), 12 survivors (49152K)
 Metaspace       used 40820K, committed 41408K, reserved 1114112K
  class space    used 4517K, committed 4800K, reserved 1048576K
}
Event: 9.058 GC heap before
{Heap before GC invocations=25 (full 0):
 garbage-first heap   total 675840K, used 385177K [0x0000000683800000, 0x0000000800000000)
  region size 4096K, 21 young (86016K), 12 survivors (49152K)
 Metaspace       used 40820K, committed 41408K, reserved 1114112K
  class space    used 4517K, committed 4800K, reserved 1048576K
}
Event: 9.069 GC heap after
{Heap after GC invocations=26 (full 0):
 garbage-first heap   total 1064960K, used 261997K [0x0000000683800000, 0x0000000800000000)
  region size 4096K, 2 young (8192K), 2 survivors (8192K)
 Metaspace       used 40820K, committed 41408K, reserved 1114112K
  class space    used 4517K, committed 4800K, reserved 1048576K
}

